2013-03-15 15:55:27,298 [main] INFO WebClosure - Dereferencing URI <http://danielsmith.eu/resources/facet/#predicate>
2013-03-15 15:55:28,807 [main] INFO WebClosure - Failed to dereference URI <http://danielsmith.eu/resources/facet/#predicate>: BadMediaType
2013-03-15 15:55:28,814 [Ripple worker thread #1] INFO WebClosure - Dereferencing URI <http://escience.rpi.edu/s2s/test/4.0/test.owl#TestPredicate>
2013-03-15 15:55:29,521 [main] INFO WebClosure - Dereferencing URI <http://www.w3.org/1999/02/22-rdf-syntax-ns#type>
2013-03-15 15:55:32,128 [main] INFO WebClosure - Dereferencing URI <http://www.w3.org/2000/01/rdf-schema#label>
2013-03-15 15:55:32,174 [main] INFO WebClosure - Dereferencing URI <http://escience.rpi.edu/ontology/sesf/s2s-core/4/0/hasDefaultConfiguration>
2013-03-15 15:55:32,241 [main] INFO WebClosure - Dereferencing URI <http://escience.rpi.edu/ontology/sesf/s2s-core/4/0/hasOpenSearchDescriptionDocument>
2013-03-15 15:55:33,139 [Ripple worker thread #2] INFO WebClosure - Dereferencing URI <http://aquarius.tw.rpi.edu/s2s/BCO-DMO/1.0/s2s.ttl#FacetOntologyService>
2013-03-15 15:55:33,535 [main] INFO WebClosure - Dereferencing URI <http://escience.rpi.edu/ontology/sesf/s2s-core/4/0/hasFacetCollection>
2013-03-15 15:55:33,602 [main] INFO WebClosure - Dereferencing URI <http://escience.rpi.edu/ontology/sesf/s2s-core/4/0/hasDataSource>
2013-03-15 15:55:34,267 [main] INFO WebClosure - Dereferencing URI <http://escience.rpi.edu/ontology/sesf/s2s-core/4/0/location>
2013-03-15 15:55:34,644 [main] INFO WebClosure - Dereferencing URI <http://escience.rpi.edu/ontology/sesf/s2s-core/4/0/defaultGraph>
2013-03-15 15:55:35,089 [main] INFO WebClosure - Dereferencing URI <http://escience.rpi.edu/ontology/sesf/s2s-core/4/0/hasSparqlType>
2013-03-15 15:55:39,038 [main] INFO WebClosure - Dereferencing URI <http://escience.rpi.edu/ontology/sesf/s2s/4/0/hasOutput>
2013-03-15 15:55:39,061 [main] INFO WebClosure - Dereferencing URI <http://escience.rpi.edu/ontology/sesf/s2s/4/0/forInput>
2013-03-15 15:55:39,750 [main] INFO WebClosure - Dereferencing URI <http://escience.rpi.edu/ontology/sesf/s2s-core/4/0/format>
2013-03-15 15:55:40,181 [main] INFO WebClosure - Dereferencing URI <http://escience.rpi.edu/ontology/sesf/s2s-core/4/0/requiresJavaScript>
2013-03-15 15:55:40,579 [main] INFO WebClosure - Dereferencing URI <http://escience.rpi.edu/ontology/sesf/s2s-core/4/0/requiresStylesheet>
2013-03-15 15:55:41,079 [main] INFO WebClosure - Dereferencing URI <http://escience.rpi.edu/ontology/sesf/s2s/4/0/supportsInput>
2013-03-15 15:55:41,554 [main] INFO WebClosure - Dereferencing URI <http://escience.rpi.edu/ontology/sesf/s2s/4/0/supportsOutput>
2013-03-15 15:55:42,057 [main] INFO WebClosure - Dereferencing URI <http://escience.rpi.edu/ontology/sesf/s2s/4/0/supportsParadigm>
2013-03-15 15:55:42,560 [main] INFO WebClosure - Dereferencing URI <http://escience.rpi.edu/ontology/sesf/s2s-core/4/0/hasJavaScriptPrototype>
2013-03-15 15:55:43,243 [main] INFO WebClosure - Dereferencing URI <http://escience.rpi.edu/ontology/sesf/s2s-core/4/0/hasDelimiter>
2013-04-11 17:44:04,060 [main] INFO WebClosure - Dereferencing URI <http://danielsmith.eu/resources/facet/#predicate>
2013-04-11 17:44:05,315 [main] INFO WebClosure - Failed to dereference URI <http://danielsmith.eu/resources/facet/#predicate>: BadMediaType
2013-04-11 17:44:05,323 [Ripple worker thread #1] INFO WebClosure - Dereferencing URI <http://escience.rpi.edu/s2s/test/4.0/test.owl#TestPredicate>
2013-04-11 17:44:06,158 [main] INFO WebClosure - Dereferencing URI <http://www.w3.org/1999/02/22-rdf-syntax-ns#type>
2013-04-11 17:44:08,780 [main] INFO WebClosure - Dereferencing URI <http://www.w3.org/2000/01/rdf-schema#label>
2013-04-11 17:44:08,866 [main] INFO WebClosure - Dereferencing URI <http://escience.rpi.edu/ontology/sesf/s2s-core/4/0/hasDefaultConfiguration>
2013-04-11 17:44:08,935 [main] INFO WebClosure - Dereferencing URI <http://escience.rpi.edu/ontology/sesf/s2s-core/4/0/hasOpenSearchDescriptionDocument>
2013-04-11 17:44:09,791 [Ripple worker thread #1] INFO WebClosure - Dereferencing URI <http://aquarius.tw.rpi.edu/s2s/BCO-DMO/1.0/s2s.ttl#FacetOntologyService>
2013-04-11 17:44:10,323 [main] INFO WebClosure - Dereferencing URI <http://escience.rpi.edu/ontology/sesf/s2s-core/4/0/hasFacetCollection>
2013-04-11 17:44:10,408 [main] INFO WebClosure - Dereferencing URI <http://escience.rpi.edu/ontology/sesf/s2s-core/4/0/hasDataSource>
2013-04-11 17:44:11,115 [main] INFO WebClosure - Dereferencing URI <http://escience.rpi.edu/ontology/sesf/s2s-core/4/0/location>
2013-04-11 17:44:11,384 [main] INFO WebClosure - Dereferencing URI <http://escience.rpi.edu/ontology/sesf/s2s-core/4/0/defaultGraph>
2013-04-11 17:44:11,886 [main] INFO WebClosure - Dereferencing URI <http://escience.rpi.edu/ontology/sesf/s2s-core/4/0/hasSparqlType>
2013-04-11 17:44:16,323 [main] INFO WebClosure - Dereferencing URI <http://escience.rpi.edu/ontology/sesf/s2s/4/0/hasOutput>
2013-04-11 17:44:16,344 [main] INFO WebClosure - Dereferencing URI <http://escience.rpi.edu/ontology/sesf/s2s/4/0/forInput>
2013-04-11 17:44:16,997 [main] INFO WebClosure - Dereferencing URI <http://escience.rpi.edu/ontology/sesf/s2s-core/4/0/format>
2013-04-11 17:44:17,574 [main] INFO WebClosure - Dereferencing URI <http://escience.rpi.edu/ontology/sesf/s2s-core/4/0/requiresJavaScript>
2013-04-11 17:44:17,883 [main] INFO WebClosure - Dereferencing URI <http://escience.rpi.edu/ontology/sesf/s2s-core/4/0/requiresStylesheet>
2013-04-11 17:44:18,378 [main] INFO WebClosure - Dereferencing URI <http://escience.rpi.edu/ontology/sesf/s2s/4/0/supportsInput>
2013-04-11 17:44:18,851 [main] INFO WebClosure - Dereferencing URI <http://escience.rpi.edu/ontology/sesf/s2s/4/0/supportsOutput>
2013-04-11 17:44:19,348 [main] INFO WebClosure - Dereferencing URI <http://escience.rpi.edu/ontology/sesf/s2s/4/0/supportsParadigm>
2013-04-11 17:44:19,842 [main] INFO WebClosure - Dereferencing URI <http://escience.rpi.edu/ontology/sesf/s2s-core/4/0/hasJavaScriptPrototype>
2013-04-11 17:44:20,523 [main] INFO WebClosure - Dereferencing URI <http://escience.rpi.edu/ontology/sesf/s2s-core/4/0/hasDelimiter>
